<?xml version="1.0" encoding="UTF-8"?>
<testsuite xmlns:xsi="http://www.w3.org/2001/XMLSchema-instance" xsi:noNamespaceSchemaLocation="https://maven.apache.org/surefire/maven-surefire-plugin/xsd/surefire-test-report.xsd" name="com.leesin.AppTest" time="0.017" tests="1" errors="0" skipped="0" failures="0">
  <properties>
    <property name="sun.desktop" value="windows"/>
    <property name="awt.toolkit" value="sun.awt.windows.WToolkit"/>
    <property name="file.encoding.pkg" value="sun.io"/>
    <property name="java.specification.version" value="1.8"/>
    <property name="sun.cpu.isalist" value="amd64"/>
    <property name="sun.jnu.encoding" value="GBK"/>
    <property name="java.class.path" value="F:\git_home\dubbo-server\pay-api\target\test-classes;F:\git_home\dubbo-server\pay-api\target\classes;F:\Maven\repository\junit\junit\4.11\junit-4.11.jar;F:\Maven\repository\org\hamcrest\hamcrest-core\1.3\hamcrest-core-1.3.jar;F:\Maven\repository\org\jboss\resteasy\resteasy-jaxrs\3.8.0.Final\resteasy-jaxrs-3.8.0.Final.jar;F:\Maven\repository\org\jboss\spec\javax\ws\rs\jboss-jaxrs-api_2.1_spec\1.0.2.Final\jboss-jaxrs-api_2.1_spec-1.0.2.Final.jar;F:\Maven\repository\org\jboss\spec\javax\xml\bind\jboss-jaxb-api_2.3_spec\1.0.1.Final\jboss-jaxb-api_2.3_spec-1.0.1.Final.jar;F:\Maven\repository\org\reactivestreams\reactive-streams\1.0.2\reactive-streams-1.0.2.jar;F:\Maven\repository\javax\validation\validation-api\2.0.1.Final\validation-api-2.0.1.Final.jar;F:\Maven\repository\org\jboss\spec\javax\annotation\jboss-annotations-api_1.3_spec\1.0.1.Final\jboss-annotations-api_1.3_spec-1.0.1.Final.jar;F:\Maven\repository\javax\activation\activation\1.1.1\activation-1.1.1.jar;F:\Maven\repository\org\apache\httpcomponents\httpclient\4.5.4\httpclient-4.5.4.jar;F:\Maven\repository\org\apache\httpcomponents\httpcore\4.4.7\httpcore-4.4.7.jar;F:\Maven\repository\commons-logging\commons-logging\1.2\commons-logging-1.2.jar;F:\Maven\repository\commons-codec\commons-codec\1.10\commons-codec-1.10.jar;F:\Maven\repository\commons-io\commons-io\2.5\commons-io-2.5.jar;F:\Maven\repository\com\github\stephenc\jcip\jcip-annotations\1.0-1\jcip-annotations-1.0-1.jar;F:\Maven\repository\org\jboss\logging\jboss-logging\3.3.2.Final\jboss-logging-3.3.2.Final.jar;F:\Maven\repository\org\jboss\resteasy\resteasy-client\3.8.0.Final\resteasy-client-3.8.0.Final.jar;"/>
    <property name="java.vm.vendor" value="Oracle Corporation"/>
    <property name="sun.arch.data.model" value="64"/>
    <property name="user.variant" value=""/>
    <property name="java.vendor.url" value="http://java.oracle.com/"/>
    <property name="user.timezone" value="Asia/Shanghai"/>
    <property name="java.vm.specification.version" value="1.8"/>
    <property name="os.name" value="Windows 10"/>
    <property name="user.country" value="CN"/>
    <property name="sun.java.launcher" value="SUN_STANDARD"/>
    <property name="sun.boot.library.path" value="C:\Program Files\Java\jdk1.8.0_221\jre\bin"/>
    <property name="sun.java.command" value="C:\Users\ADMINI~1\AppData\Local\Temp\surefire2817657941306525434\surefirebooter6061085735037127492.jar C:\Users\Administrator\AppData\Local\Temp\surefire2817657941306525434 2020-04-30T08-11-21_597-jvmRun1 surefire717672416982357884tmp surefire_01784801668337126071tmp"/>
    <property name="surefire.test.class.path" value="F:\git_home\dubbo-server\pay-api\target\test-classes;F:\git_home\dubbo-server\pay-api\target\classes;F:\Maven\repository\junit\junit\4.11\junit-4.11.jar;F:\Maven\repository\org\hamcrest\hamcrest-core\1.3\hamcrest-core-1.3.jar;F:\Maven\repository\org\jboss\resteasy\resteasy-jaxrs\3.8.0.Final\resteasy-jaxrs-3.8.0.Final.jar;F:\Maven\repository\org\jboss\spec\javax\ws\rs\jboss-jaxrs-api_2.1_spec\1.0.2.Final\jboss-jaxrs-api_2.1_spec-1.0.2.Final.jar;F:\Maven\repository\org\jboss\spec\javax\xml\bind\jboss-jaxb-api_2.3_spec\1.0.1.Final\jboss-jaxb-api_2.3_spec-1.0.1.Final.jar;F:\Maven\repository\org\reactivestreams\reactive-streams\1.0.2\reactive-streams-1.0.2.jar;F:\Maven\repository\javax\validation\validation-api\2.0.1.Final\validation-api-2.0.1.Final.jar;F:\Maven\repository\org\jboss\spec\javax\annotation\jboss-annotations-api_1.3_spec\1.0.1.Final\jboss-annotations-api_1.3_spec-1.0.1.Final.jar;F:\Maven\repository\javax\activation\activation\1.1.1\activation-1.1.1.jar;F:\Maven\repository\org\apache\httpcomponents\httpclient\4.5.4\httpclient-4.5.4.jar;F:\Maven\repository\org\apache\httpcomponents\httpcore\4.4.7\httpcore-4.4.7.jar;F:\Maven\repository\commons-logging\commons-logging\1.2\commons-logging-1.2.jar;F:\Maven\repository\commons-codec\commons-codec\1.10\commons-codec-1.10.jar;F:\Maven\repository\commons-io\commons-io\2.5\commons-io-2.5.jar;F:\Maven\repository\com\github\stephenc\jcip\jcip-annotations\1.0-1\jcip-annotations-1.0-1.jar;F:\Maven\repository\org\jboss\logging\jboss-logging\3.3.2.Final\jboss-logging-3.3.2.Final.jar;F:\Maven\repository\org\jboss\resteasy\resteasy-client\3.8.0.Final\resteasy-client-3.8.0.Final.jar;"/>
    <property name="sun.cpu.endian" value="little"/>
    <property name="user.home" value="C:\Users\Administrator"/>
    <property name="user.language" value="zh"/>
    <property name="java.specification.vendor" value="Oracle Corporation"/>
    <property name="java.home" value="C:\Program Files\Java\jdk1.8.0_221\jre"/>
    <property name="basedir" value="F:\git_home\dubbo-server\pay-api"/>
    <property name="file.separator" value="\"/>
    <property name="line.separator" value="&#10;"/>
    <property name="java.vm.specification.vendor" value="Oracle Corporation"/>
    <property name="java.specification.name" value="Java Platform API Specification"/>
    <property name="java.awt.graphicsenv" value="sun.awt.Win32GraphicsEnvironment"/>
    <property name="surefire.real.class.path" value="C:\Users\ADMINI~1\AppData\Local\Temp\surefire2817657941306525434\surefirebooter6061085735037127492.jar"/>
    <property name="sun.boot.class.path" value="C:\Program Files\Java\jdk1.8.0_221\jre\lib\resources.jar;C:\Program Files\Java\jdk1.8.0_221\jre\lib\rt.jar;C:\Program Files\Java\jdk1.8.0_221\jre\lib\sunrsasign.jar;C:\Program Files\Java\jdk1.8.0_221\jre\lib\jsse.jar;C:\Program Files\Java\jdk1.8.0_221\jre\lib\jce.jar;C:\Program Files\Java\jdk1.8.0_221\jre\lib\charsets.jar;C:\Program Files\Java\jdk1.8.0_221\jre\lib\jfr.jar;C:\Program Files\Java\jdk1.8.0_221\jre\classes"/>
    <property name="user.script" value=""/>
    <property name="sun.management.compiler" value="HotSpot 64-Bit Tiered Compilers"/>
    <property name="java.runtime.version" value="1.8.0_221-b11"/>
    <property name="user.name" value="Administrator"/>
    <property name="path.separator" value=";"/>
    <property name="os.version" value="10.0"/>
    <property name="java.endorsed.dirs" value="C:\Program Files\Java\jdk1.8.0_221\jre\lib\endorsed"/>
    <property name="java.runtime.name" value="Java(TM) SE Runtime Environment"/>
    <property name="file.encoding" value="GBK"/>
    <property name="java.vm.name" value="Java HotSpot(TM) 64-Bit Server VM"/>
    <property name="localRepository" value="F:\Maven\repository"/>
    <property name="java.vendor.url.bug" value="http://bugreport.sun.com/bugreport/"/>
    <property name="java.io.tmpdir" value="C:\Users\ADMINI~1\AppData\Local\Temp\"/>
    <property name="idea.version" value="2018.3.6"/>
    <property name="java.version" value="1.8.0_221"/>
    <property name="user.dir" value="F:\git_home\dubbo-server\pay-api"/>
    <property name="os.arch" value="amd64"/>
    <property name="java.vm.specification.name" value="Java Virtual Machine Specification"/>
    <property name="java.awt.printerjob" value="sun.awt.windows.WPrinterJob"/>
    <property name="sun.os.patch.level" value=""/>
    <property name="java.library.path" value="C:\Program Files\Java\jdk1.8.0_221\jre\bin;C:\windows\Sun\Java\bin;C:\windows\system32;C:\windows;C:\Program Files (x86)\Common Files\Oracle\Java\javapath;C:\Windows\system32;C:\Windows;C:\Windows\System32\Wbem;C:\Windows\System32\WindowsPowerShell\v1.0\;C:\Windows\System32\OpenSSH\;C:\Program Files (x86)\NVIDIA Corporation\PhysX\Common;C:\Program Files\NVIDIA Corporation\NVIDIA NvDLISR;C:\Program Files (x86)\Pandoc\;&quot;%JAVA_HOME%\bin;%JAVA_HOME%\jre\bin;&quot;;F:\software_installation;C:\windows\system32;C:\windows;C:\windows\System32\Wbem;C:\windows\System32\WindowsPowerShell\v1.0\;C:\windows\System32\OpenSSH\;F:\software_installation\gradle-4.0-bin\gradle-4.0\bin;F:\software_installation\apache-maven-3.6.3-bin\apache-maven-3.6.3\bin;&quot;%JAVA_HOME%\bin;%JAVA_HOME%\jre\bin&quot;;F:\software_installation\Microsoft VS Code\bin;F:\software_installation\Git\;C:\Users\Administrator\AppData\Local\Microsoft\WindowsApps;F:\software_installation\;C:\Users\Administrator\AppData\Local\hyper\app-3.0.2\resources\bin;C:\Users\Administrator\AppData\Local\atom\bin;C:\Users\Administrator\AppData\Roaming\npm;."/>
    <property name="java.vm.info" value="mixed mode"/>
    <property name="java.vendor" value="Oracle Corporation"/>
    <property name="java.vm.version" value="25.221-b11"/>
    <property name="java.ext.dirs" value="C:\Program Files\Java\jdk1.8.0_221\jre\lib\ext;C:\windows\Sun\Java\lib\ext"/>
    <property name="sun.io.unicode.encoding" value="UnicodeLittle"/>
    <property name="maven.repo.local" value="F:\Maven\repository"/>
    <property name="java.class.version" value="52.0"/>
  </properties>
  <testcase name="shouldAnswerWithTrue" classname="com.leesin.AppTest" time="0.001"/>
</testsuite>